<?xml version="1.0" encoding="UTF-8"?>
<testng-results ignored="0" total="5" passed="4" failed="1" skipped="0">
  <reporter-output>
  </reporter-output>
  <suite started-at="2023-09-30T16:21:03 IST" name="Suite" finished-at="2023-09-30T16:21:09 IST" duration-ms="6065">
    <groups>
      <group name="regression">
        <method signature="DemoTest.demo3()[pri:0, instance:test.DemoTest@477b4cdf]" name="demo3" class="test.DemoTest"/>
        <method signature="ExampleTest.example1()[pri:0, instance:test.ExampleTest@385c9627]" name="example1" class="test.ExampleTest"/>
        <method signature="SampleTest.sample2()[pri:0, instance:test.SampleTest@3eb25e1a]" name="sample2" class="test.SampleTest"/>
      </group> <!-- regression -->
      <group name="smoke">
        <method signature="DemoTest.demo1()[pri:0, instance:test.DemoTest@477b4cdf]" name="demo1" class="test.DemoTest"/>
        <method signature="DemoTest.demo3()[pri:0, instance:test.DemoTest@477b4cdf]" name="demo3" class="test.DemoTest"/>
        <method signature="ExampleTest.example1()[pri:0, instance:test.ExampleTest@385c9627]" name="example1" class="test.ExampleTest"/>
        <method signature="ExampleTest.example2()[pri:0, instance:test.ExampleTest@385c9627]" name="example2" class="test.ExampleTest"/>
        <method signature="SampleTest.sample2()[pri:0, instance:test.SampleTest@3eb25e1a]" name="sample2" class="test.SampleTest"/>
        <method signature="SampleTest.sample3()[pri:0, instance:test.SampleTest@3eb25e1a]" name="sample3" class="test.SampleTest"/>
      </group> <!-- smoke -->
    </groups>
    <test started-at="2023-09-30T16:21:03 IST" name="Test" finished-at="2023-09-30T16:21:09 IST" duration-ms="6065">
      <class name="test.SampleTest">
        <test-method is-config="true" signature="configureBeforeClass()[pri:0, instance:test.SampleTest@3eb25e1a]" started-at="2023-09-30T16:21:06 IST" name="configureBeforeClass" finished-at="2023-09-30T16:21:07 IST" duration-ms="1334" status="PASS">
          <reporter-output>
          </reporter-output>
        </test-method> <!-- configureBeforeClass -->
        <test-method signature="sample2()[pri:0, instance:test.SampleTest@3eb25e1a]" started-at="2023-09-30T16:21:07 IST" name="sample2" finished-at="2023-09-30T16:21:07 IST" duration-ms="2" status="PASS">
          <reporter-output>
          </reporter-output>
        </test-method> <!-- sample2 -->
        <test-method signature="sample3()[pri:0, instance:test.SampleTest@3eb25e1a]" started-at="2023-09-30T16:21:07 IST" name="sample3" finished-at="2023-09-30T16:21:07 IST" duration-ms="3" status="FAIL">
          <exception class="java.lang.AssertionError">
            <message>
              <![CDATA[null]]>
            </message>
            <full-stacktrace>
              <![CDATA[java.lang.AssertionError: null
at org.testng.Assert.fail(Assert.java:111)
at org.testng.Assert.fail(Assert.java:116)
at test.SampleTest.sample3(SampleTest.java:17)
at java.base/jdk.internal.reflect.NativeMethodAccessorImpl.invoke0(Native Method)
at java.base/jdk.internal.reflect.NativeMethodAccessorImpl.invoke(NativeMethodAccessorImpl.java:77)
at java.base/jdk.internal.reflect.DelegatingMethodAccessorImpl.invoke(DelegatingMethodAccessorImpl.java:43)
at java.base/java.lang.reflect.Method.invoke(Method.java:568)
at org.testng.internal.invokers.MethodInvocationHelper.invokeMethod(MethodInvocationHelper.java:139)
at org.testng.internal.invokers.TestInvoker.invokeMethod(TestInvoker.java:664)
at org.testng.internal.invokers.TestInvoker.invokeTestMethod(TestInvoker.java:227)
at org.testng.internal.invokers.MethodRunner.runInSequence(MethodRunner.java:50)
at org.testng.internal.invokers.TestInvoker$MethodInvocationAgent.invoke(TestInvoker.java:957)
at org.testng.internal.invokers.TestInvoker.invokeTestMethods(TestInvoker.java:200)
at org.testng.internal.invokers.TestMethodWorker.invokeTestMethods(TestMethodWorker.java:148)
at org.testng.internal.invokers.TestMethodWorker.run(TestMethodWorker.java:128)
at java.base/java.util.ArrayList.forEach(ArrayList.java:1511)
at org.testng.TestRunner.privateRun(TestRunner.java:848)
at org.testng.TestRunner.run(TestRunner.java:621)
at org.testng.SuiteRunner.runTest(SuiteRunner.java:443)
at org.testng.SuiteRunner$SuiteWorker.run(SuiteRunner.java:481)
at org.testng.internal.thread.ThreadUtil.lambda$execute$0(ThreadUtil.java:58)
at java.base/java.util.concurrent.FutureTask.run(FutureTask.java:264)
at java.base/java.util.concurrent.ThreadPoolExecutor.runWorker(ThreadPoolExecutor.java:1136)
at java.base/java.util.concurrent.ThreadPoolExecutor$Worker.run(ThreadPoolExecutor.java:635)
at java.base/java.lang.Thread.run(Thread.java:833)
]]>
            </full-stacktrace>
          </exception> <!-- java.lang.AssertionError -->
          <reporter-output>
          </reporter-output>
        </test-method> <!-- sample3 -->
        <test-method is-config="true" signature="configureAfterClass()[pri:0, instance:test.SampleTest@3eb25e1a]" started-at="2023-09-30T16:21:07 IST" name="configureAfterClass" finished-at="2023-09-30T16:21:07 IST" duration-ms="138" status="PASS">
          <reporter-output>
          </reporter-output>
        </test-method> <!-- configureAfterClass -->
      </class> <!-- test.SampleTest -->
      <class name="test.ExampleTest">
        <test-method is-config="true" signature="configureBeforeSuite()[pri:0, instance:test.ExampleTest@385c9627]" started-at="2023-09-30T16:21:03 IST" name="configureBeforeSuite" finished-at="2023-09-30T16:21:03 IST" duration-ms="216" status="PASS">
          <reporter-output>
          </reporter-output>
        </test-method> <!-- configureBeforeSuite -->
        <test-method is-config="true" signature="configureBeforeClass()[pri:0, instance:test.ExampleTest@385c9627]" started-at="2023-09-30T16:21:03 IST" name="configureBeforeClass" finished-at="2023-09-30T16:21:06 IST" duration-ms="2816" status="PASS">
          <reporter-output>
          </reporter-output>
        </test-method> <!-- configureBeforeClass -->
        <test-method signature="example1()[pri:0, instance:test.ExampleTest@385c9627]" started-at="2023-09-30T16:21:06 IST" name="example1" finished-at="2023-09-30T16:21:06 IST" duration-ms="6" status="PASS">
          <reporter-output>
          </reporter-output>
        </test-method> <!-- example1 -->
        <test-method is-config="true" signature="configureAfterClass()[pri:0, instance:test.ExampleTest@385c9627]" started-at="2023-09-30T16:21:06 IST" name="configureAfterClass" finished-at="2023-09-30T16:21:06 IST" duration-ms="121" status="PASS">
          <reporter-output>
          </reporter-output>
        </test-method> <!-- configureAfterClass -->
        <test-method is-config="true" signature="configureAfterSuite()[pri:0, instance:test.ExampleTest@385c9627]" started-at="2023-09-30T16:21:09 IST" name="configureAfterSuite" finished-at="2023-09-30T16:21:09 IST" duration-ms="4" status="PASS">
          <reporter-output>
          </reporter-output>
        </test-method> <!-- configureAfterSuite -->
      </class> <!-- test.ExampleTest -->
      <class name="test.DemoTest">
        <test-method is-config="true" signature="configureBeforeClass()[pri:0, instance:test.DemoTest@477b4cdf]" started-at="2023-09-30T16:21:07 IST" name="configureBeforeClass" finished-at="2023-09-30T16:21:09 IST" duration-ms="1474" status="PASS">
          <reporter-output>
          </reporter-output>
        </test-method> <!-- configureBeforeClass -->
        <test-method signature="demo1()[pri:0, instance:test.DemoTest@477b4cdf]" started-at="2023-09-30T16:21:09 IST" name="demo1" finished-at="2023-09-30T16:21:09 IST" duration-ms="1" status="PASS">
          <reporter-output>
          </reporter-output>
        </test-method> <!-- demo1 -->
        <test-method signature="demo3()[pri:0, instance:test.DemoTest@477b4cdf]" started-at="2023-09-30T16:21:09 IST" name="demo3" finished-at="2023-09-30T16:21:09 IST" duration-ms="0" status="PASS">
          <reporter-output>
          </reporter-output>
        </test-method> <!-- demo3 -->
        <test-method is-config="true" signature="configureAfterClass()[pri:0, instance:test.DemoTest@477b4cdf]" started-at="2023-09-30T16:21:09 IST" name="configureAfterClass" finished-at="2023-09-30T16:21:09 IST" duration-ms="136" status="PASS">
          <reporter-output>
          </reporter-output>
        </test-method> <!-- configureAfterClass -->
      </class> <!-- test.DemoTest -->
    </test> <!-- Test -->
  </suite> <!-- Suite -->
</testng-results>
